<?xml version="1.0" encoding="UTF-8"?>
<testng-results ignored="0" total="1" passed="1" failed="0" skipped="0">
  <reporter-output>
  </reporter-output>
  <suite started-at="2021-07-16T15:48:35Z" name="Default suite" finished-at="2021-07-16T15:48:36Z" duration-ms="821">
    <groups>
    </groups>
    <test started-at="2021-07-16T15:48:35Z" name="Default test" finished-at="2021-07-16T15:48:36Z" duration-ms="821">
      <class name="com.AccountsProject.Excel_WritingDataToFile">
        <test-method signature="write_Data()[pri:0, instance:com.AccountsProject.Excel_WritingDataToFile@38604b81]" started-at="2021-07-16T15:48:35Z" name="write_Data" finished-at="2021-07-16T15:48:36Z" duration-ms="788" status="PASS">
          <reporter-output>
          </reporter-output>
        </test-method> <!-- write_Data -->
      </class> <!-- com.AccountsProject.Excel_WritingDataToFile -->
    </test> <!-- Default test -->
  </suite> <!-- Default suite -->
</testng-results>
