<?xml version="1.0" encoding="UTF-8"?>
<!-- Generated by org.testng.reporters.JUnitReportReporter -->
<testsuite hostname="DESKTOP-6IAIM1I" failures="0" tests="3" name="com.AccountsProject.DataProvider_02" time="9.705" errors="0" timestamp="16 Jul 2021 11:30:29 GMT" skipped="0">
  <testcase classname="com.AccountsProject.DataProvider_02" name="workWithMultipleData" time="3.121"/>
  <testcase classname="com.AccountsProject.DataProvider_02" name="workWithMultipleData" time="3.161"/>
  <testcase classname="com.AccountsProject.DataProvider_02" name="workWithMultipleData" time="3.423"/>
</testsuite> <!-- com.AccountsProject.DataProvider_02 -->
