<?xml version="1.0" encoding="UTF-8"?>
<!-- Generated by org.testng.reporters.JUnitReportReporter -->
<testsuite hostname="DESKTOP-6IAIM1I" failures="0" tests="3" name="com.AccountsProject.DataProvider_01" time="10.229" errors="0" timestamp="16 Jul 2021 11:22:40 GMT" skipped="0">
  <testcase classname="com.AccountsProject.DataProvider_01" name="workWithMultipleData" time="3.206"/>
  <testcase classname="com.AccountsProject.DataProvider_01" name="workWithMultipleData" time="3.905"/>
  <testcase classname="com.AccountsProject.DataProvider_01" name="workWithMultipleData" time="3.118"/>
</testsuite> <!-- com.AccountsProject.DataProvider_01 -->
