<?xml version="1.0" encoding="UTF-8"?>
<!-- Generated by org.testng.reporters.JUnitReportReporter -->
<testsuite hostname="DESKTOP-6IAIM1I" failures="0" tests="2" name="testingSelenium.TC_Example_01" time="5.183" errors="0" timestamp="12 Jul 2021 14:44:47 GMT" skipped="1">
  <testcase classname="testingSelenium.TC_Example_01" name="TC_02" time="5.183"/>
  <testcase classname="testingSelenium.TC_Example_01" name="TC_01">
    <skipped/>
  </testcase> <!-- TC_01 -->
</testsuite> <!-- testingSelenium.TC_Example_01 -->
