<?xml version="1.0" encoding="UTF-8"?>
<!-- Generated by org.testng.reporters.JUnitReportReporter -->
<testsuite hostname="DESKTOP-6IAIM1I" failures="0" tests="2" name="com.AccountsProject.Example_Alert_02" time="0.010" errors="0" timestamp="14 Jul 2021 06:19:24 GMT" skipped="1">
  <testcase classname="com.AccountsProject.Example_Alert_02" name="desiredCapabilities" time="0.010"/>
  <testcase classname="com.AccountsProject.Example_Alert_02" name="alertVerification">
    <skipped/>
  </testcase> <!-- alertVerification -->
</testsuite> <!-- com.AccountsProject.Example_Alert_02 -->
